<?xml version="1.0" encoding="UTF-8"?>
<testsuite name="CollatzCalculatorTest" tests="6" skipped="0" failures="0" errors="0" timestamp="2025-04-25T10:57:54" hostname="ubuntu" time="0.055">
  <properties/>
  <testcase name="testCorrectNumberOfStepsWhenBothStepTypesAreNeeded()" classname="CollatzCalculatorTest" time="0.044"/>
  <testcase name="testAVeryLargeInput()" classname="CollatzCalculatorTest" time="0.001"/>
  <testcase name="testZeroIsConsideredInvalidInput()" classname="CollatzCalculatorTest" time="0.003"/>
  <testcase name="testCorrectNumberOfStepsWhenAllStepsAreDivisions()" classname="CollatzCalculatorTest" time="0.001"/>
  <testcase name="testZeroStepsRequiredWhenStartingFrom1()" classname="CollatzCalculatorTest" time="0.0"/>
  <testcase name="testNegativeIntegerIsConsideredInvalidInput()" classname="CollatzCalculatorTest" time="0.001"/>
  <system-out><![CDATA[]]></system-out>
  <system-err><![CDATA[]]></system-err>
</testsuite>
