<?xml version="1.0" encoding="UTF-8"?>
<testsuite name="TwoferTest" tests="4" skipped="0" failures="0" errors="0" timestamp="2025-04-25T11:09:31" hostname="ubuntu" time="0.095">
  <properties/>
  <testcase name="noNameGiven()" classname="TwoferTest" time="0.078"/>
  <testcase name="emptyNameGiven()" classname="TwoferTest" time="0.002"/>
  <testcase name="aNameGiven()" classname="TwoferTest" time="0.008"/>
  <testcase name="anotherNameGiven()" classname="TwoferTest" time="0.001"/>
  <system-out><![CDATA[]]></system-out>
  <system-err><![CDATA[]]></system-err>
</testsuite>
