<?xml version="1.0" encoding="UTF-8"?>
<testsuite name="TwoferTest" tests="4" skipped="0" failures="0" errors="0" timestamp="2025-04-25T10:40:22" hostname="ubuntu" time="0.047">
  <properties/>
  <testcase name="noNameGiven()" classname="TwoferTest" time="0.041"/>
  <testcase name="emptyNameGiven()" classname="TwoferTest" time="0.0"/>
  <testcase name="aNameGiven()" classname="TwoferTest" time="0.003"/>
  <testcase name="anotherNameGiven()" classname="TwoferTest" time="0.0"/>
  <system-out><![CDATA[]]></system-out>
  <system-err><![CDATA[]]></system-err>
</testsuite>
